1>------ Build started: Project: alpha11, Configuration: Debug x64 ------
1>alpha11.cpp
1>C:\alpha11\alpha11\alpha11.cpp(6,8): warning C4477: 'scanf' : format string '%s' requires an argument of type 'char *', but variadic argument 1 has type 'int (*)[100]'
1>C:\alpha11\alpha11\alpha11.cpp(14,9): warning C4477: 'printf' : format string '%s' requires an argument of type 'char *', but variadic argument 1 has type 'int *'
1>C:\alpha11\alpha11\alpha11.cpp(6,2): error C4996: 'scanf': This function or variable may be unsafe. Consider using scanf_s instead. To disable deprecation, use _CRT_SECURE_NO_WARNINGS. See online help for details.
1>Done building project "alpha11.vcxproj" -- FAILED.
========== Build: 0 succeeded, 1 failed, 0 up-to-date, 0 skipped ==========
